<html>
<head>
<title>TestNG:  Default test</title>
<link href="../testng.css" rel="stylesheet" type="text/css" />
<link href="../my-testng.css" rel="stylesheet" type="text/css" />

<style type="text/css">
.log { display: none;} 
.stack-trace { display: none;} 
</style>
<script type="text/javascript">
<!--
function flip(e) {
  current = e.style.display;
  if (current == 'block') {
    e.style.display = 'none';
    return 0;
  }
  else {
    e.style.display = 'block';
    return 1;
  }
}

function toggleBox(szDivId, elem, msg1, msg2)
{
  var res = -1;  if (document.getElementById) {
    res = flip(document.getElementById(szDivId));
  }
  else if (document.all) {
    // this is the way old msie versions work
    res = flip(document.all[szDivId]);
  }
  if(elem) {
    if(res == 0) elem.innerHTML = msg1; else elem.innerHTML = msg2;
  }

}

function toggleAllBoxes() {
  if (document.getElementsByTagName) {
    d = document.getElementsByTagName('div');
    for (i = 0; i < d.length; i++) {
      if (d[i].className == 'log') {
        flip(d[i]);
      }
    }
  }
}

// -->
</script>

</head>
<body>
<h2 align='center'>Default test</h2><table border='1' align="center">
<tr>
<td>Tests passed/Failed/Skipped:</td><td>14/5/0</td>
</tr><tr>
<td>Started on:</td><td>Thu Aug 06 16:45:44 IST 2020</td>
</tr>
<tr><td>Total time:</td><td>168 seconds (168729 ms)</td>
</tr><tr>
<td>Included groups:</td><td></td>
</tr><tr>
<td>Excluded groups:</td><td></td>
</tr>
</table><p/>
<small><i>(Hover the method name to see the test class name)</i></small><p/>
<table width='100%' border='1' class='invocation-failed'>
<tr><td colspan='4' align='center'><b>FAILED TESTS</b></td></tr>
<tr><td><b>Test method</b></td>
<td width="30%"><b>Exception</b></td>
<td width="10%"><b>Time (seconds)</b></td>
<td><b>Instance</b></td>
</tr>
<tr>
<td title='com.CucumberRunner_Assignment3.scenario()'><b>scenario</b><br>Test class: com.CucumberRunner_Assignment3<br>Parameters: "Initiate the cardAuth_authorize API with valid fields and verify the Expected Result", "Optional[MoneyMovement Test Cases]"</td>
<td><div><pre>com.jayway.jsonpath.PathNotFoundException: No results for path: $[&apos;access_token&apos;]
	at com.jayway.jsonpath.internal.path.EvaluationContextImpl.getValue(EvaluationContextImpl.java:133)
	at com.jayway.jsonpath.JsonPath.read(JsonPath.java:187)
	at com.jayway.jsonpath.internal.JsonContext.read(JsonContext.java:102)
	at com.jayway.jsonpath.internal.JsonContext.read(JsonContext.java:85)
	at com.api.service.Base_MoneyMovement.API_clientCredentials(Base_MoneyMovement.java:72)
	at com.stepdefs.Transactions_stepdefs.initiate_the_Client_Credentials_API_with_and_get_the_accessToken(Transactions_stepdefs.java:29)
	at ?.Initiate the Client_Credentials_API with &apos;loan_authorization&apos; and &apos;/apis&apos;  get the accessToken(file:///D:/Jyoti/API/Restassured_WithBaseclass/RestAssured.zip_expanded/./src/test/resources/features/TestCases.feature:10)
</pre></div><a href='#' onClick='toggleBox("stack-trace591009370", this, "Click to show all stack frames", "Click to hide stack frames")'>Click to show all stack frames</a>
<div class='stack-trace' id='stack-trace591009370'><pre>com.jayway.jsonpath.PathNotFoundException: No results for path: $[&apos;access_token&apos;]
	at com.jayway.jsonpath.internal.path.EvaluationContextImpl.getValue(EvaluationContextImpl.java:133)
	at com.jayway.jsonpath.JsonPath.read(JsonPath.java:187)
	at com.jayway.jsonpath.internal.JsonContext.read(JsonContext.java:102)
	at com.jayway.jsonpath.internal.JsonContext.read(JsonContext.java:85)
	at com.api.service.Base_MoneyMovement.API_clientCredentials(Base_MoneyMovement.java:72)
	at com.stepdefs.Transactions_stepdefs.initiate_the_Client_Credentials_API_with_and_get_the_accessToken(Transactions_stepdefs.java:29)
	at ?.Initiate the Client_Credentials_API with &apos;loan_authorization&apos; and &apos;/apis&apos;  get the accessToken(file:///D:/Jyoti/API/Restassured_WithBaseclass/RestAssured.zip_expanded/./src/test/resources/features/TestCases.feature:10)
</pre></div></td>
<td>5</td>
<td>com.CucumberRunner_Assignment3@a2431d0</td></tr>
<tr>
<td title='com.CucumberRunner_Assignment3.scenario()'><b>scenario</b><br>Test class: com.CucumberRunner_Assignment3<br>Parameters: "Initiate the cardAuth_authorize API with valid fields and verify the Expected Result", "Optional[MoneyMovement Test Cases]"</td>
<td><div><pre>com.jayway.jsonpath.PathNotFoundException: No results for path: $[&apos;access_token&apos;]
	at com.jayway.jsonpath.internal.path.EvaluationContextImpl.getValue(EvaluationContextImpl.java:133)
	at com.jayway.jsonpath.JsonPath.read(JsonPath.java:187)
	at com.jayway.jsonpath.internal.JsonContext.read(JsonContext.java:102)
	at com.jayway.jsonpath.internal.JsonContext.read(JsonContext.java:85)
	at com.api.service.Base_MoneyMovement.API_clientCredentials(Base_MoneyMovement.java:72)
	at com.stepdefs.Transactions_stepdefs.initiate_the_Client_Credentials_API_with_and_get_the_accessToken(Transactions_stepdefs.java:29)
	at ?.Initiate the Client_Credentials_API with &apos;loan_authorization&apos; and &apos;/api&apos;  get the accessToken(file:///D:/Jyoti/API/Restassured_WithBaseclass/RestAssured.zip_expanded/./src/test/resources/features/TestCases.feature:10)
</pre></div><a href='#' onClick='toggleBox("stack-trace1087772086", this, "Click to show all stack frames", "Click to hide stack frames")'>Click to show all stack frames</a>
<div class='stack-trace' id='stack-trace1087772086'><pre>com.jayway.jsonpath.PathNotFoundException: No results for path: $[&apos;access_token&apos;]
	at com.jayway.jsonpath.internal.path.EvaluationContextImpl.getValue(EvaluationContextImpl.java:133)
	at com.jayway.jsonpath.JsonPath.read(JsonPath.java:187)
	at com.jayway.jsonpath.internal.JsonContext.read(JsonContext.java:102)
	at com.jayway.jsonpath.internal.JsonContext.read(JsonContext.java:85)
	at com.api.service.Base_MoneyMovement.API_clientCredentials(Base_MoneyMovement.java:72)
	at com.stepdefs.Transactions_stepdefs.initiate_the_Client_Credentials_API_with_and_get_the_accessToken(Transactions_stepdefs.java:29)
	at ?.Initiate the Client_Credentials_API with &apos;loan_authorization&apos; and &apos;/api&apos;  get the accessToken(file:///D:/Jyoti/API/Restassured_WithBaseclass/RestAssured.zip_expanded/./src/test/resources/features/TestCases.feature:10)
</pre></div></td>
<td>5</td>
<td>com.CucumberRunner_Assignment3@a2431d0</td></tr>
<tr>
<td title='com.CucumberRunner_Assignment3.scenario()'><b>scenario</b><br>Test class: com.CucumberRunner_Assignment3<br>Parameters: "Initiate_the_Transactions_API_with_valid_fields_and_verify_the_Expected_Result", "Optional[MoneyMovement Test Cases]"</td>
<td><div><pre>com.jayway.jsonpath.PathNotFoundException: No results for path: $[&apos;access_token&apos;]
	at com.jayway.jsonpath.internal.path.EvaluationContextImpl.getValue(EvaluationContextImpl.java:133)
	at com.jayway.jsonpath.JsonPath.read(JsonPath.java:187)
	at com.jayway.jsonpath.internal.JsonContext.read(JsonContext.java:102)
	at com.jayway.jsonpath.internal.JsonContext.read(JsonContext.java:85)
	at com.api.service.Base_MoneyMovement.API_clientCredentials(Base_MoneyMovement.java:72)
	at com.stepdefs.Transactions_stepdefs.initiate_the_Client_Credentials_API_with_and_get_the_accessToken(Transactions_stepdefs.java:29)
	at ?.Initiate the Client_Credentials_API with &apos;grant_type&apos; and &apos;scope&apos;  get the accessToken(file:///D:/Jyoti/API/Restassured_WithBaseclass/RestAssured.zip_expanded/./src/test/resources/features/TestCases.feature:61)
</pre></div><a href='#' onClick='toggleBox("stack-trace1023323662", this, "Click to show all stack frames", "Click to hide stack frames")'>Click to show all stack frames</a>
<div class='stack-trace' id='stack-trace1023323662'><pre>com.jayway.jsonpath.PathNotFoundException: No results for path: $[&apos;access_token&apos;]
	at com.jayway.jsonpath.internal.path.EvaluationContextImpl.getValue(EvaluationContextImpl.java:133)
	at com.jayway.jsonpath.JsonPath.read(JsonPath.java:187)
	at com.jayway.jsonpath.internal.JsonContext.read(JsonContext.java:102)
	at com.jayway.jsonpath.internal.JsonContext.read(JsonContext.java:85)
	at com.api.service.Base_MoneyMovement.API_clientCredentials(Base_MoneyMovement.java:72)
	at com.stepdefs.Transactions_stepdefs.initiate_the_Client_Credentials_API_with_and_get_the_accessToken(Transactions_stepdefs.java:29)
	at ?.Initiate the Client_Credentials_API with &apos;grant_type&apos; and &apos;scope&apos;  get the accessToken(file:///D:/Jyoti/API/Restassured_WithBaseclass/RestAssured.zip_expanded/./src/test/resources/features/TestCases.feature:61)
</pre></div></td>
<td>4</td>
<td>com.CucumberRunner_Assignment3@a2431d0</td></tr>
<tr>
<td title='com.CucumberRunner_Assignment3.scenario()'><b>scenario</b><br>Test class: com.CucumberRunner_Assignment3<br>Parameters: "Initiate_the_Transactions_API_with_valid_fields_and_verify_the_Expected_Result", "Optional[MoneyMovement Test Cases]"</td>
<td><div><pre>com.jayway.jsonpath.PathNotFoundException: No results for path: $[&apos;access_token&apos;]
	at com.jayway.jsonpath.internal.path.EvaluationContextImpl.getValue(EvaluationContextImpl.java:133)
	at com.jayway.jsonpath.JsonPath.read(JsonPath.java:187)
	at com.jayway.jsonpath.internal.JsonContext.read(JsonContext.java:102)
	at com.jayway.jsonpath.internal.JsonContext.read(JsonContext.java:85)
	at com.api.service.Base_MoneyMovement.API_clientCredentials(Base_MoneyMovement.java:72)
	at com.stepdefs.Transactions_stepdefs.initiate_the_Client_Credentials_API_with_and_get_the_accessToken(Transactions_stepdefs.java:29)
	at ?.Initiate the Client_Credentials_API with &apos;grant_type&apos; and &apos;scope&apos;  get the accessToken(file:///D:/Jyoti/API/Restassured_WithBaseclass/RestAssured.zip_expanded/./src/test/resources/features/TestCases.feature:61)
</pre></div><a href='#' onClick='toggleBox("stack-trace932469438", this, "Click to show all stack frames", "Click to hide stack frames")'>Click to show all stack frames</a>
<div class='stack-trace' id='stack-trace932469438'><pre>com.jayway.jsonpath.PathNotFoundException: No results for path: $[&apos;access_token&apos;]
	at com.jayway.jsonpath.internal.path.EvaluationContextImpl.getValue(EvaluationContextImpl.java:133)
	at com.jayway.jsonpath.JsonPath.read(JsonPath.java:187)
	at com.jayway.jsonpath.internal.JsonContext.read(JsonContext.java:102)
	at com.jayway.jsonpath.internal.JsonContext.read(JsonContext.java:85)
	at com.api.service.Base_MoneyMovement.API_clientCredentials(Base_MoneyMovement.java:72)
	at com.stepdefs.Transactions_stepdefs.initiate_the_Client_Credentials_API_with_and_get_the_accessToken(Transactions_stepdefs.java:29)
	at ?.Initiate the Client_Credentials_API with &apos;grant_type&apos; and &apos;scope&apos;  get the accessToken(file:///D:/Jyoti/API/Restassured_WithBaseclass/RestAssured.zip_expanded/./src/test/resources/features/TestCases.feature:61)
</pre></div></td>
<td>4</td>
<td>com.CucumberRunner_Assignment3@a2431d0</td></tr>
<tr>
<td title='com.CucumberRunner_Assignment3.scenario()'><b>scenario</b><br>Test class: com.CucumberRunner_Assignment3<br>Parameters: "Initiate the sourceAccounts & destination Eligibility API with valid fields and", "Optional[MoneyMovement Test Cases]"</td>
<td><div><pre>com.jayway.jsonpath.PathNotFoundException: No results for path: $[&apos;access_token&apos;]
	at com.jayway.jsonpath.internal.path.EvaluationContextImpl.getValue(EvaluationContextImpl.java:133)
	at com.jayway.jsonpath.JsonPath.read(JsonPath.java:187)
	at com.jayway.jsonpath.internal.JsonContext.read(JsonContext.java:102)
	at com.jayway.jsonpath.internal.JsonContext.read(JsonContext.java:85)
	at com.api.service.Base_MoneyMovement.API_clientCredentials(Base_MoneyMovement.java:72)
	at com.stepdefs.Transactions_stepdefs.initiate_the_Client_Credentials_API_with_and_get_the_accessToken(Transactions_stepdefs.java:29)
	at ?.Initiate the Client_Credentials_API with &apos;grant_type&apos; and &apos;scope&apos;  get the accessToken(file:///D:/Jyoti/API/Restassured_WithBaseclass/RestAssured.zip_expanded/./src/test/resources/features/TestCases.feature:83)
</pre></div><a href='#' onClick='toggleBox("stack-trace849053302", this, "Click to show all stack frames", "Click to hide stack frames")'>Click to show all stack frames</a>
<div class='stack-trace' id='stack-trace849053302'><pre>com.jayway.jsonpath.PathNotFoundException: No results for path: $[&apos;access_token&apos;]
	at com.jayway.jsonpath.internal.path.EvaluationContextImpl.getValue(EvaluationContextImpl.java:133)
	at com.jayway.jsonpath.JsonPath.read(JsonPath.java:187)
	at com.jayway.jsonpath.internal.JsonContext.read(JsonContext.java:102)
	at com.jayway.jsonpath.internal.JsonContext.read(JsonContext.java:85)
	at com.api.service.Base_MoneyMovement.API_clientCredentials(Base_MoneyMovement.java:72)
	at com.stepdefs.Transactions_stepdefs.initiate_the_Client_Credentials_API_with_and_get_the_accessToken(Transactions_stepdefs.java:29)
	at ?.Initiate the Client_Credentials_API with &apos;grant_type&apos; and &apos;scope&apos;  get the accessToken(file:///D:/Jyoti/API/Restassured_WithBaseclass/RestAssured.zip_expanded/./src/test/resources/features/TestCases.feature:83)
</pre></div></td>
<td>5</td>
<td>com.CucumberRunner_Assignment3@a2431d0</td></tr>
</table><p>
<table width='100%' border='1' class='invocation-passed'>
<tr><td colspan='4' align='center'><b>PASSED TESTS</b></td></tr>
<tr><td><b>Test method</b></td>
<td width="30%"><b>Exception</b></td>
<td width="10%"><b>Time (seconds)</b></td>
<td><b>Instance</b></td>
</tr>
<tr>
<td title='com.CucumberRunner_Assignment3.scenario()'><b>scenario</b><br>Test class: com.CucumberRunner_Assignment3<br>Parameters: "Initiate the cardAuth_authorize API with valid fields and verify the Expected Result", "Optional[MoneyMovement Test Cases]"</td>
<td></td>
<td>7</td>
<td>com.CucumberRunner_Assignment3@a2431d0</td></tr>
<tr>
<td title='com.CucumberRunner_Assignment3.scenario()'><b>scenario</b><br>Test class: com.CucumberRunner_Assignment3<br>Parameters: "Initiate the Password API with valid fields and verify the Expected Result", "Optional[MoneyMovement Test Cases]"</td>
<td></td>
<td>7</td>
<td>com.CucumberRunner_Assignment3@a2431d0</td></tr>
<tr>
<td title='com.CucumberRunner_Assignment3.scenario()'><b>scenario</b><br>Test class: com.CucumberRunner_Assignment3<br>Parameters: "Initiate_the_Account_API_with_valid_fields_and_verify_the_Expected_Result", "Optional[MoneyMovement Test Cases]"</td>
<td></td>
<td>9</td>
<td>com.CucumberRunner_Assignment3@a2431d0</td></tr>
<tr>
<td title='com.CucumberRunner_Assignment3.scenario()'><b>scenario</b><br>Test class: com.CucumberRunner_Assignment3<br>Parameters: "Initiate the GET_Card API with valid fields and verify the Expected Result", "Optional[MoneyMovement Test Cases]"</td>
<td></td>
<td>9</td>
<td>com.CucumberRunner_Assignment3@a2431d0</td></tr>
<tr>
<td title='com.CucumberRunner_Assignment3.scenario()'><b>scenario</b><br>Test class: com.CucumberRunner_Assignment3<br>Parameters: "Initiate the GET_Card API with valid fields and verify the Expected Result", "Optional[MoneyMovement Test Cases]"</td>
<td></td>
<td>8</td>
<td>com.CucumberRunner_Assignment3@a2431d0</td></tr>
<tr>
<td title='com.CucumberRunner_Assignment3.scenario()'><b>scenario</b><br>Test class: com.CucumberRunner_Assignment3<br>Parameters: "Initiate_the_Transactions_API_with_valid_fields_and_verify_the_Expected_Result", "Optional[MoneyMovement Test Cases]"</td>
<td></td>
<td>9</td>
<td>com.CucumberRunner_Assignment3@a2431d0</td></tr>
<tr>
<td title='com.CucumberRunner_Assignment3.scenario()'><b>scenario</b><br>Test class: com.CucumberRunner_Assignment3<br>Parameters: "Initiate_the_Transactions_API_with_valid_fields_and_verify_the_Expected_Result", "Optional[MoneyMovement Test Cases]"</td>
<td></td>
<td>8</td>
<td>com.CucumberRunner_Assignment3@a2431d0</td></tr>
<tr>
<td title='com.CucumberRunner_Assignment3.scenario()'><b>scenario</b><br>Test class: com.CucumberRunner_Assignment3<br>Parameters: "Initiate_the_Transactions_API_with_valid_fields_and_verify_the_Expected_Result", "Optional[MoneyMovement Test Cases]"</td>
<td></td>
<td>10</td>
<td>com.CucumberRunner_Assignment3@a2431d0</td></tr>
<tr>
<td title='com.CucumberRunner_Assignment3.scenario()'><b>scenario</b><br>Test class: com.CucumberRunner_Assignment3<br>Parameters: "Initiate the sourceAccounts & destination Eligibility API with valid fields and", "Optional[MoneyMovement Test Cases]"</td>
<td></td>
<td>9</td>
<td>com.CucumberRunner_Assignment3@a2431d0</td></tr>
<tr>
<td title='com.CucumberRunner_Assignment3.scenario()'><b>scenario</b><br>Test class: com.CucumberRunner_Assignment3<br>Parameters: "Initiate the sourceAccounts & destination Eligibility API with valid fields and", "Optional[MoneyMovement Test Cases]"</td>
<td></td>
<td>11</td>
<td>com.CucumberRunner_Assignment3@a2431d0</td></tr>
<tr>
<td title='com.CucumberRunner_Assignment3.scenario()'><b>scenario</b><br>Test class: com.CucumberRunner_Assignment3<br>Parameters: "Initiate the PDT-PreProcessAPI with valid fields and verify the Expected Result", "Optional[MoneyMovement Test Cases]"</td>
<td></td>
<td>12</td>
<td>com.CucumberRunner_Assignment3@a2431d0</td></tr>
<tr>
<td title='com.CucumberRunner_Assignment3.scenario()'><b>scenario</b><br>Test class: com.CucumberRunner_Assignment3<br>Parameters: "To verify the PDT-PreProcess API with invalid sourceAccountId", "Optional[MoneyMovement Test Cases]"</td>
<td></td>
<td>12</td>
<td>com.CucumberRunner_Assignment3@a2431d0</td></tr>
<tr>
<td title='com.CucumberRunner_Assignment3.scenario()'><b>scenario</b><br>Test class: com.CucumberRunner_Assignment3<br>Parameters: "Initiate the PDT-Confirmation API with valid fields and verify the Expected Result", "Optional[MoneyMovement Test Cases]"</td>
<td></td>
<td>14</td>
<td>com.CucumberRunner_Assignment3@a2431d0</td></tr>
<tr>
<td title='com.CucumberRunner_Assignment3.scenario()'><b>scenario</b><br>Test class: com.CucumberRunner_Assignment3<br>Parameters: "To verify the PDT-Confirmation API with invalid controlFlowId", "Optional[MoneyMovement Test Cases]"</td>
<td></td>
<td>12</td>
<td>com.CucumberRunner_Assignment3@a2431d0</td></tr>
</table><p>
</body>
</html>